#
# There is insufficient memory for the Java Runtime Environment to continue.
# Native memory allocation (malloc) failed to allocate 2157776 bytes for Chunk::new
# Possible reasons:
#   The system is out of physical RAM or swap space
#   The process is running with CompressedOops enabled, and the Java Heap may be blocking the growth of the native heap
# Possible solutions:
#   Reduce memory load on the system
#   Increase physical memory or swap space
#   Check if swap backing store is full
#   Decrease Java heap size (-Xmx/-Xms)
#   Decrease number of Java threads
#   Decrease Java thread stack sizes (-Xss)
#   Set larger code cache with -XX:ReservedCodeCacheSize=
#   JVM is running with Unscaled Compressed Oops mode in which the Java heap is
#     placed in the first 4GB address space. The Java Heap base address is the
#     maximum limit for the native heap growth. Please use -XX:HeapBaseMinAddress
#     to set the Java Heap base and to place the Java Heap above 4GB virtual address.
# This output file may be truncated or incomplete.
#
#  Out of Memory Error (allocation.cpp:389), pid=15240, tid=0x0000000000004380
#
# JRE version: OpenJDK Runtime Environment (8.0_312-b07) (build 1.8.0_312-b07)
# Java VM: OpenJDK 64-Bit Server VM (25.312-b07 mixed mode windows-amd64 compressed oops)
# Failed to write core dump. Minidumps are not enabled by default on client versions of Windows
#

---------------  T H R E A D  ---------------

Current thread (0x000001fea4ea5800):  JavaThread "C2 CompilerThread1" daemon [_thread_in_native, id=17280, stack(0x000000af64c00000,0x000000af64d00000)]

Stack: [0x000000af64c00000,0x000000af64d00000]
[error occurred during error reporting (printing stack bounds), id 0xc0000005]

Native frames: (J=compiled Java code, j=interpreted, Vv=VM code, C=native code)


Current CompileTask:
C2:9407564 34114       4       com.android.tools.r8.ir.optimize.PeepholeOptimizer::a (1322 bytes)


---------------  P R O C E S S  ---------------

Java Threads: ( => current thread )
  0x000001feb1367800 JavaThread "WorkerExecutor Queue Thread 4" [_thread_blocked, id=16760, stack(0x000000af67400000,0x000000af67500000)]
  0x000001feb1365000 JavaThread "ForkJoinPool.commonPool-worker-2" daemon [_thread_blocked, id=8376, stack(0x000000af67300000,0x000000af67400000)]
  0x000001fea75fe800 JavaThread "WorkerExecutor Queue Thread 3" [_thread_blocked, id=1060, stack(0x000000af67000000,0x000000af67100000)]
  0x000001fea75fc000 JavaThread "WorkerExecutor Queue Thread 2" [_thread_blocked, id=12632, stack(0x000000af66f00000,0x000000af67000000)]
  0x000001fea75f3800 JavaThread "stdout" [_thread_in_native, id=14888, stack(0x000000af66d00000,0x000000af66e00000)]
  0x000001fea75f2800 JavaThread "stderr" [_thread_in_native, id=12940, stack(0x000000af66c00000,0x000000af66d00000)]
  0x000001fea75f9800 JavaThread "pool-10-thread-1" [_thread_blocked, id=9868, stack(0x000000af66b00000,0x000000af66c00000)]
  0x000001fea75f1800 JavaThread "WorkerExecutor Queue" [_thread_in_Java, id=5212, stack(0x000000af66a00000,0x000000af66b00000)]
  0x000001fea9abe000 JavaThread "Cache worker for execution history cache (F:\melevicar-user\.gradle\5.4.1\executionHistory)" [_thread_blocked, id=16084, stack(0x000000af66900000,0x000000af66a00000)]
  0x000001fea9abd000 JavaThread "Execution worker for ':' Thread 3" [_thread_blocked, id=10484, stack(0x000000af66800000,0x000000af66900000)]
  0x000001fea9ab3800 JavaThread "Execution worker for ':' Thread 2" [_thread_blocked, id=6320, stack(0x000000af66600000,0x000000af66700000)]
  0x000001fea9aba800 JavaThread "Execution worker for ':'" [_thread_blocked, id=17404, stack(0x000000af66500000,0x000000af66600000)]
  0x000001fea9aba000 JavaThread "Cache worker for file content cache (F:\melevicar-user\.gradle\5.4.1\fileContent)" [_thread_blocked, id=13492, stack(0x000000af66400000,0x000000af66500000)]
  0x000001fea9ab2000 JavaThread "Cache worker for Build Output Cleanup Cache (F:\melevicar-user\.gradle\buildOutputCleanup)" [_thread_blocked, id=17312, stack(0x000000af66200000,0x000000af66300000)]
  0x000001fea9ab7800 JavaThread "Build operations Thread 4" [_thread_blocked, id=14996, stack(0x000000af66100000,0x000000af66200000)]
  0x000001fea9ab5000 JavaThread "Build operations Thread 3" [_thread_blocked, id=8720, stack(0x000000af65f00000,0x000000af66000000)]
  0x000001fea9ab1800 JavaThread "Build operations Thread 2" [_thread_blocked, id=11332, stack(0x000000af65e00000,0x000000af65f00000)]
  0x000001fea9ab6000 JavaThread "Build operations" [_thread_blocked, id=7360, stack(0x000000af65d00000,0x000000af65e00000)]
  0x000001fea9ab7000 JavaThread "Cache worker for cache directory md-rule (C:\Users\Not You\.gradle\caches\5.4.1\md-rule)" [_thread_blocked, id=11972, stack(0x000000af65900000,0x000000af65a00000)]
  0x000001fea9117000 JavaThread "Cache worker for cache directory md-supplier (C:\Users\Not You\.gradle\caches\5.4.1\md-supplier)" [_thread_blocked, id=15340, stack(0x000000af65800000,0x000000af65900000)]
  0x000001fea911a000 JavaThread "Cache worker for file hash cache (F:\melevicar-user\.gradle\5.4.1\fileHashes)" [_thread_blocked, id=9280, stack(0x000000af65700000,0x000000af65800000)]
  0x000001fea9115800 JavaThread "Thread-116" [_thread_blocked, id=8808, stack(0x000000af65600000,0x000000af65700000)]
  0x000001fea9119800 JavaThread "Stdin handler" [_thread_blocked, id=8392, stack(0x000000af65500000,0x000000af65600000)]
  0x000001fea9118800 JavaThread "Asynchronous log dispatcher for DefaultDaemonConnection: socket connection from /127.0.0.1:60818 to /127.0.0.1:49255" [_thread_blocked, id=13776, stack(0x000000af65400000,0x000000af65500000)]
  0x000001fea910d000 JavaThread "Daemon worker Thread 5" [_thread_blocked, id=3176, stack(0x000000af65300000,0x000000af65400000)]
  0x000001fea910f000 JavaThread "Cancel handler" [_thread_blocked, id=376, stack(0x000000af64000000,0x000000af64100000)]
  0x000001fea910c000 JavaThread "Handler for socket connection from /127.0.0.1:60818 to /127.0.0.1:49255" [_thread_in_native, id=14764, stack(0x000000af63f00000,0x000000af64000000)]
  0x000001fea9113000 JavaThread "Daemon Thread 5" [_thread_blocked, id=8908, stack(0x000000af63e00000,0x000000af63f00000)]
  0x000001fea9118000 JavaThread "Cache worker for Java compile cache (C:\Users\Not You\.gradle\caches\5.4.1\javaCompile)" [_thread_blocked, id=14136, stack(0x000000af66e00000,0x000000af66f00000)]
  0x000001fea9ab3000 JavaThread "Cache worker for file content cache (C:\Users\Not You\.gradle\caches\5.4.1\fileContent)" [_thread_blocked, id=14880, stack(0x000000af66300000,0x000000af66400000)]
  0x000001fea75fa800 JavaThread "Memory manager" [_thread_blocked, id=3588, stack(0x000000af66700000,0x000000af66800000)]
  0x000001fea75f7000 JavaThread "Cache worker for execution history cache (C:\Users\Not You\.gradle\caches\5.4.1\executionHistory)" [_thread_blocked, id=16168, stack(0x000000af66000000,0x000000af66100000)]
  0x000001fea618a800 JavaThread "Cache worker for journal cache (C:\Users\Not You\.gradle\caches\journal-1)" [_thread_blocked, id=15808, stack(0x000000af65c00000,0x000000af65d00000)]
  0x000001fea618b000 JavaThread "File lock request listener" [_thread_in_native, id=15916, stack(0x000000af65b00000,0x000000af65c00000)]
  0x000001fea6188000 JavaThread "Cache worker for file hash cache (C:\Users\Not You\.gradle\caches\5.4.1\fileHashes)" [_thread_blocked, id=16408, stack(0x000000af65a00000,0x000000af65b00000)]
  0x000001fea5b18000 JavaThread "Daemon periodic checks" [_thread_blocked, id=9956, stack(0x000000af65200000,0x000000af65300000)]
  0x000001fea5b94800 JavaThread "Incoming local TCP Connector on port 60818" [_thread_in_native, id=5004, stack(0x000000af65100000,0x000000af65200000)]
  0x000001fea6ad6800 JavaThread "Daemon health stats" [_thread_blocked, id=13800, stack(0x000000af65000000,0x000000af65100000)]
  0x000001fea4f25000 JavaThread "Service Thread" daemon [_thread_blocked, id=15988, stack(0x000000af64e00000,0x000000af64f00000)]
  0x000001fea4ea8000 JavaThread "C1 CompilerThread2" daemon [_thread_blocked, id=6920, stack(0x000000af64d00000,0x000000af64e00000)]
=>0x000001fea4ea5800 JavaThread "C2 CompilerThread1" daemon [_thread_in_native, id=17280, stack(0x000000af64c00000,0x000000af64d00000)]
  0x000001fea4eaa800 JavaThread "C2 CompilerThread0" daemon [_thread_in_native, id=15840, stack(0x000000af64b00000,0x000000af64c00000)]
  0x000001fea4e97000 JavaThread "Attach Listener" daemon [_thread_blocked, id=2360, stack(0x000000af64a00000,0x000000af64b00000)]
  0x000001fea4e9e000 JavaThread "Signal Dispatcher" daemon [_thread_blocked, id=15860, stack(0x000000af64900000,0x000000af64a00000)]
  0x000001fea4749000 JavaThread "Finalizer" daemon [_thread_blocked, id=16400, stack(0x000000af64800000,0x000000af64900000)]
  0x000001fea4e76800 JavaThread "Reference Handler" daemon [_thread_blocked, id=9748, stack(0x000000af64700000,0x000000af64800000)]
  0x000001fe8e5f8000 JavaThread "main" [_thread_blocked, id=4588, stack(0x000000af64100000,0x000000af64200000)]

Other Threads:
  0x000001fea4e52800 VMThread [stack: 0x000000af64600000,0x000000af64700000] [id=11100]
  0x000001fea4eb9800 WatcherThread [stack: 0x000000af64f00000,0x000000af65000000] [id=12936]

VM state:not at safepoint (normal execution)

VM Mutex/Monitor currently owned by a thread: None

OutOfMemory and StackOverflow Exception counts:
OutOfMemoryError java_heap_errors=1

heap address: 0x0000000080000000, size: 2048 MB, Compressed Oops mode: 32-bit
Narrow klass base: 0x0000000000000000, Narrow klass shift: 3
Compressed class space size: 1073741824 Address: 0x0000000100000000

Heap:
 PSYoungGen      total 496128K, used 20905K [0x00000000d5580000, 0x00000000fe580000, 0x0000000100000000)
  eden space 352256K, 2% used [0x00000000d5580000,0x00000000d5edb558,0x00000000ead80000)
  from space 143872K, 7% used [0x00000000f5900000,0x00000000f640f1c8,0x00000000fe580000)
  to   space 150016K, 0% used [0x00000000ead80000,0x00000000ead80000,0x00000000f4000000)
 ParOldGen       total 463872K, used 297419K [0x0000000080000000, 0x000000009c500000, 0x00000000d5580000)
  object space 463872K, 64% used [0x0000000080000000,0x0000000092272e00,0x000000009c500000)
 Metaspace       used 122575K, capacity 128158K, committed 128600K, reserved 1161216K
  class space    used 15322K, capacity 16446K, committed 16512K, reserved 1048576K

Card table byte_map: [0x000001fe9f360000,0x000001fe9f770000] byte_map_base: 0x000001fe9ef60000

Marking Bits: (ParMarkBitMap*) 0x00000000559f1860
 Begin Bits: [0x000001fe9fa20000, 0x000001fea1a20000)
 End Bits:   [0x000001fea1a20000, 0x000001fea3a20000)

Polling page: 0x000001fe8e7c0000

CodeCache: size=245760Kb used=97725Kb max_used=97747Kb free=148034Kb
 bounds [0x000001fe8ffa0000, 0x000001fe96000000, 0x000001fe9efa0000]
 total_blobs=25280 nmethods=24310 adapters=877
 compilation: enabled

Compilation events (10 events):
Event: 9406.991 Thread 0x000001fea4ea8000 34358       2       com.android.tools.r8.ir.code.H::a (21 bytes)
Event: 9406.992 Thread 0x000001fea4ea8000 nmethod 34358 0x000001fe95f04010 code [0x000001fe95f041a0, 0x000001fe95f043f0]
Event: 9407.033 Thread 0x000001fea4ea8000 34359       2       com.android.tools.r8.ir.code.ConstNumber::P1 (24 bytes)
Event: 9407.033 Thread 0x000001fea4ea8000 nmethod 34359 0x000001fe9191ddd0 code [0x000001fe9191df40, 0x000001fe9191e120]
Event: 9407.120 Thread 0x000001fea4ea5800 nmethod 34352 0x000001fe95fc13d0 code [0x000001fe95fc1d20, 0x000001fe95fc98c0]
Event: 9407.120 Thread 0x000001fea4ea5800 34114       4       com.android.tools.r8.ir.optimize.PeepholeOptimizer::a (1322 bytes)
Event: 9407.129 Thread 0x000001fea4ea8000 34361       1       com.android.tools.r8.ir.code.L::f1 (2 bytes)
Event: 9407.130 Thread 0x000001fea4ea8000 nmethod 34361 0x000001fe92410e10 code [0x000001fe92410f60, 0x000001fe92411078]
Event: 9407.382 Thread 0x000001fea4eaa800 nmethod 34348% 0x000001fe95fde050 code [0x000001fe95fdeac0, 0x000001fe95fe75f8]
Event: 9407.382 Thread 0x000001fea4eaa800 34300       4       com.android.tools.r8.ir.optimize.CodeRewriter::e (259 bytes)

GC Heap History (10 events):
Event: 9403.445 GC heap after
Heap after GC invocations=64 (full 7):
 PSYoungGen      total 502272K, used 72493K [0x00000000d5580000, 0x00000000fe480000, 0x0000000100000000)
  eden space 336384K, 0% used [0x00000000d5580000,0x00000000d5580000,0x00000000e9e00000)
  from space 165888K, 43% used [0x00000000e9e00000,0x00000000ee4cb698,0x00000000f4000000)
  to   space 165888K, 0% used [0x00000000f4000000,0x00000000f4000000,0x00000000fe200000)
 ParOldGen       total 463872K, used 248449K [0x0000000080000000, 0x000000009c500000, 0x00000000d5580000)
  object space 463872K, 53% used [0x0000000080000000,0x000000008f2a07d8,0x000000009c500000)
 Metaspace       used 122479K, capacity 128088K, committed 128600K, reserved 1161216K
  class space    used 15318K, capacity 16445K, committed 16512K, reserved 1048576K
}
Event: 9404.235 GC heap before
{Heap before GC invocations=65 (full 7):
 PSYoungGen      total 502272K, used 408877K [0x00000000d5580000, 0x00000000fe480000, 0x0000000100000000)
  eden space 336384K, 100% used [0x00000000d5580000,0x00000000e9e00000,0x00000000e9e00000)
  from space 165888K, 43% used [0x00000000e9e00000,0x00000000ee4cb698,0x00000000f4000000)
  to   space 165888K, 0% used [0x00000000f4000000,0x00000000f4000000,0x00000000fe200000)
 ParOldGen       total 463872K, used 248449K [0x0000000080000000, 0x000000009c500000, 0x00000000d5580000)
  object space 463872K, 53% used [0x0000000080000000,0x000000008f2a07d8,0x000000009c500000)
 Metaspace       used 122523K, capacity 128152K, committed 128600K, reserved 1161216K
  class space    used 15320K, capacity 16445K, committed 16512K, reserved 1048576K
Event: 9404.322 GC heap after
Heap after GC invocations=65 (full 7):
 PSYoungGen      total 517120K, used 62988K [0x00000000d5580000, 0x00000000fe100000, 0x0000000100000000)
  eden space 352256K, 0% used [0x00000000d5580000,0x00000000d5580000,0x00000000ead80000)
  from space 164864K, 38% used [0x00000000f4000000,0x00000000f7d83308,0x00000000fe100000)
  to   space 150016K, 0% used [0x00000000ead80000,0x00000000ead80000,0x00000000f4000000)
 ParOldGen       total 463872K, used 262132K [0x0000000080000000, 0x000000009c500000, 0x00000000d5580000)
  object space 463872K, 56% used [0x0000000080000000,0x000000008fffd300,0x000000009c500000)
 Metaspace       used 122523K, capacity 128152K, committed 128600K, reserved 1161216K
  class space    used 15320K, capacity 16445K, committed 16512K, reserved 1048576K
}
Event: 9404.946 GC heap before
{Heap before GC invocations=66 (full 7):
 PSYoungGen      total 517120K, used 415244K [0x00000000d5580000, 0x00000000fe100000, 0x0000000100000000)
  eden space 352256K, 100% used [0x00000000d5580000,0x00000000ead80000,0x00000000ead80000)
  from space 164864K, 38% used [0x00000000f4000000,0x00000000f7d83308,0x00000000fe100000)
  to   space 150016K, 0% used [0x00000000ead80000,0x00000000ead80000,0x00000000f4000000)
 ParOldGen       total 463872K, used 262132K [0x0000000080000000, 0x000000009c500000, 0x00000000d5580000)
  object space 463872K, 56% used [0x0000000080000000,0x000000008fffd300,0x000000009c500000)
 Metaspace       used 122529K, capacity 128152K, committed 128600K, reserved 1161216K
  class space    used 15320K, capacity 16445K, committed 16512K, reserved 1048576K
Event: 9405.023 GC heap after
Heap after GC invocations=66 (full 7):
 PSYoungGen      total 502272K, used 48538K [0x00000000d5580000, 0x00000000fe580000, 0x0000000100000000)
  eden space 352256K, 0% used [0x00000000d5580000,0x00000000d5580000,0x00000000ead80000)
  from space 150016K, 32% used [0x00000000ead80000,0x00000000edce69e8,0x00000000f4000000)
  to   space 143872K, 0% used [0x00000000f5900000,0x00000000f5900000,0x00000000fe580000)
 ParOldGen       total 463872K, used 269556K [0x0000000080000000, 0x000000009c500000, 0x00000000d5580000)
  object space 463872K, 58% used [0x0000000080000000,0x000000009073d040,0x000000009c500000)
 Metaspace       used 122529K, capacity 128152K, committed 128600K, reserved 1161216K
  class space    used 15320K, capacity 16445K, committed 16512K, reserved 1048576K
}
Event: 9405.593 GC heap before
{Heap before GC invocations=67 (full 7):
 PSYoungGen      total 502272K, used 400794K [0x00000000d5580000, 0x00000000fe580000, 0x0000000100000000)
  eden space 352256K, 100% used [0x00000000d5580000,0x00000000ead80000,0x00000000ead80000)
  from space 150016K, 32% used [0x00000000ead80000,0x00000000edce69e8,0x00000000f4000000)
  to   space 143872K, 0% used [0x00000000f5900000,0x00000000f5900000,0x00000000fe580000)
 ParOldGen       total 463872K, used 269556K [0x0000000080000000, 0x000000009c500000, 0x00000000d5580000)
  object space 463872K, 58% used [0x0000000080000000,0x000000009073d040,0x000000009c500000)
 Metaspace       used 122541K, capacity 128158K, committed 128600K, reserved 1161216K
  class space    used 15321K, capacity 16446K, committed 16512K, reserved 1048576K
Event: 9405.625 GC heap after
Heap after GC invocations=67 (full 7):
 PSYoungGen      total 496128K, used 47276K [0x00000000d5580000, 0x00000000fe580000, 0x0000000100000000)
  eden space 352256K, 0% used [0x00000000d5580000,0x00000000d5580000,0x00000000ead80000)
  from space 143872K, 32% used [0x00000000f5900000,0x00000000f872b1d0,0x00000000fe580000)
  to   space 150016K, 0% used [0x00000000ead80000,0x00000000ead80000,0x00000000f4000000)
 ParOldGen       total 463872K, used 270002K [0x0000000080000000, 0x000000009c500000, 0x00000000d5580000)
  object space 463872K, 58% used [0x0000000080000000,0x00000000907ac9d8,0x000000009c500000)
 Metaspace       used 122541K, capacity 128158K, committed 128600K, reserved 1161216K
  class space    used 15321K, capacity 16446K, committed 16512K, reserved 1048576K
}
Event: 9406.362 GC heap before
{Heap before GC invocations=68 (full 7):
 PSYoungGen      total 496128K, used 399532K [0x00000000d5580000, 0x00000000fe580000, 0x0000000100000000)
  eden space 352256K, 100% used [0x00000000d5580000,0x00000000ead80000,0x00000000ead80000)
  from space 143872K, 32% used [0x00000000f5900000,0x00000000f872b1d0,0x00000000fe580000)
  to   space 150016K, 0% used [0x00000000ead80000,0x00000000ead80000,0x00000000f4000000)
 ParOldGen       total 463872K, used 270002K [0x0000000080000000, 0x000000009c500000, 0x00000000d5580000)
  object space 463872K, 58% used [0x0000000080000000,0x00000000907ac9d8,0x000000009c500000)
 Metaspace       used 122569K, capacity 128158K, committed 128600K, reserved 1161216K
  class space    used 15321K, capacity 16446K, committed 16512K, reserved 1048576K
Event: 9406.446 GC heap after
Heap after GC invocations=68 (full 7):
 PSYoungGen      total 502272K, used 25130K [0x00000000d5580000, 0x00000000fe580000, 0x0000000100000000)
  eden space 352256K, 0% used [0x00000000d5580000,0x00000000d5580000,0x00000000ead80000)
  from space 150016K, 16% used [0x00000000ead80000,0x00000000ec60aab8,0x00000000f4000000)
  to   space 143872K, 0% used [0x00000000f5900000,0x00000000f5900000,0x00000000fe580000)
 ParOldGen       total 463872K, used 283149K [0x0000000080000000, 0x000000009c500000, 0x00000000d5580000)
  object space 463872K, 61% used [0x0000000080000000,0x00000000914835b0,0x000000009c500000)
 Metaspace       used 122569K, capacity 128158K, committed 128600K, reserved 1161216K
  class space    used 15321K, capacity 16446K, committed 16512K, reserved 1048576K
}
Event: 9407.465 GC heap before
{Heap before GC invocations=69 (full 7):
 PSYoungGen      total 502272K, used 377386K [0x00000000d5580000, 0x00000000fe580000, 0x0000000100000000)
  eden space 352256K, 100% used [0x00000000d5580000,0x00000000ead80000,0x00000000ead80000)
  from space 150016K, 16% used [0x00000000ead80000,0x00000000ec60aab8,0x00000000f4000000)
  to   space 143872K, 0% used [0x00000000f5900000,0x00000000f5900000,0x00000000fe580000)
 ParOldGen       total 463872K, used 283149K [0x0000000080000000, 0x000000009c500000, 0x00000000d5580000)
  object space 463872K, 61% used [0x0000000080000000,0x00000000914835b0,0x000000009c500000)
 Metaspace       used 122574K, capacity 128158K, committed 128600K, reserved 1161216K
  class space    used 15322K, capacity 16446K, committed 16512K, reserved 1048576K

Deoptimization events (10 events):
Event: 9403.866 Thread 0x000001fea75fe800 Uncommon trap: reason=array_check action=maybe_recompile pc=0x000001fe95537ef8 method=java.util.TimSort.mergeHi(IIII)V @ 282
Event: 9404.425 Thread 0x000001feb1367800 Uncommon trap: reason=unstable_if action=reinterpret pc=0x000001fe93522588 method=com.android.tools.r8.ir.optimize.CodeRewriter.e(Lcom/android/tools/r8/ir/code/Instruction;)Z @ 247
Event: 9406.065 Thread 0x000001feb1367800 Uncommon trap: reason=unstable_if action=reinterpret pc=0x000001fe955134a0 method=java.util.stream.AbstractPipeline.exactOutputSizeIfKnown(Ljava/util/Spliterator;)J @ 10
Event: 9406.066 Thread 0x000001feb1367800 Uncommon trap: reason=unstable_if action=reinterpret pc=0x000001fe91f25120 method=java.util.stream.Nodes.builder(JLjava/util/function/IntFunction;)Ljava/util/stream/Node$Builder; @ 3
Event: 9406.066 Thread 0x000001feb1367800 Uncommon trap: reason=class_check action=maybe_recompile pc=0x000001fe93e5a648 method=java.util.stream.ReferencePipeline.toArray(Ljava/util/function/IntFunction;)[Ljava/lang/Object; @ 12
Event: 9406.066 Thread 0x000001feb1367800 Uncommon trap: reason=unstable_if action=reinterpret pc=0x000001fe94bc3c8c method=java.util.stream.AbstractPipeline.exactOutputSizeIfKnown(Ljava/util/Spliterator;)J @ 10
Event: 9406.066 Thread 0x000001feb1367800 Uncommon trap: reason=class_check action=maybe_recompile pc=0x000001fe93e5a648 method=java.util.stream.ReferencePipeline.toArray(Ljava/util/function/IntFunction;)[Ljava/lang/Object; @ 12
Event: 9406.066 Thread 0x000001feb1367800 Uncommon trap: reason=class_check action=maybe_recompile pc=0x000001fe93e5a648 method=java.util.stream.ReferencePipeline.toArray(Ljava/util/function/IntFunction;)[Ljava/lang/Object; @ 12
Event: 9406.066 Thread 0x000001feb1367800 Uncommon trap: reason=class_check action=maybe_recompile pc=0x000001fe93e5a648 method=java.util.stream.ReferencePipeline.toArray(Ljava/util/function/IntFunction;)[Ljava/lang/Object; @ 12
Event: 9406.190 Thread 0x000001feb1367800 Uncommon trap: reason=class_check action=maybe_recompile pc=0x000001fe95717600 method=com.android.tools.r8.dex.DexOutputBuffer.j(I)V @ 109

Classes redefined (0 events):
No events

Internal exceptions (10 events):
Event: 9371.554 Thread 0x000001fea910d000 Exception <a 'java/lang/ClassNotFoundException': build_8glllkeaalex2qbjv50rbdjlr$_run_closure1$_closure11Customizer> (0x00000000df584350) thrown at [C:\wsjdk\Corretto8Src\installers\windows\zip\corretto-build\buildRoot\src\hotspot\src\share\vm\classfile\s
Event: 9371.655 Thread 0x000001fea910d000 Implicit null exception at 0x000001fe924988ca to 0x000001fe9249e619
Event: 9374.146 Thread 0x000001fea75f1800 Exception <a 'java/net/UnknownHostException': api.crashlytics.com> (0x00000000de3544c8) thrown at [C:\wsjdk\Corretto8Src\installers\windows\zip\corretto-build\buildRoot\src\hotspot\src\share\vm\prims\jni.cpp, line 738]
Event: 9374.894 Thread 0x000001fea9ab3800 Exception <a 'java/io/FileNotFoundException'> (0x00000000db4debe0) thrown at [C:\wsjdk\Corretto8Src\installers\windows\zip\corretto-build\buildRoot\src\hotspot\src\share\vm\prims\jni.cpp, line 711]
Event: 9382.288 Thread 0x000001feb1366800 Exception <a 'sun/nio/fs/WindowsException'> (0x00000000e2d47010) thrown at [C:\wsjdk\Corretto8Src\installers\windows\zip\corretto-build\buildRoot\src\hotspot\src\share\vm\prims\jni.cpp, line 711]
Event: 9399.408 Thread 0x000001fea910d000 Exception <a 'java/lang/OutOfMemoryError'> (0x00000000d6f32d80) thrown at [C:\wsjdk\Corretto8Src\installers\windows\zip\corretto-build\buildRoot\src\hotspot\src\share\vm\prims\unsafe.cpp, line 618]
Event: 9399.420 Thread 0x000001fea910d000 Exception <a 'java/lang/reflect/InvocationTargetException'> (0x00000000d6f33da0) thrown at [C:\wsjdk\Corretto8Src\installers\windows\zip\corretto-build\buildRoot\src\hotspot\src\share\vm\runtime\reflection.cpp, line 1092]
Event: 9400.799 Thread 0x000001fea75fe800 Implicit null exception at 0x000001fe92cc2fb6 to 0x000001fe92cc3401
Event: 9400.799 Thread 0x000001fea75f1800 Implicit null exception at 0x000001fe92cc2fb6 to 0x000001fe92cc3401
Event: 9400.799 Thread 0x000001feb1367800 Implicit null exception at 0x000001fe92cc2fb6 to 0x000001fe92cc3401

Events (10 events):
Event: 9406.106 Thread 0x000001feb1367800 DEOPT PACKING pc=0x000001fe90d9cdf2 sp=0x000000af674fe610
Event: 9406.106 Thread 0x000001feb1367800 DEOPT UNPACKING pc=0x000001fe8ffe75d8 sp=0x000000af674fe370 mode 0
Event: 9406.190 Thread 0x000001feb1367800 Uncommon trap: trap_request=0xffffffde fr.pc=0x000001fe95717600
Event: 9406.190 Thread 0x000001feb1367800 DEOPT PACKING pc=0x000001fe95717600 sp=0x000000af674fe3d0
Event: 9406.198 Thread 0x000001feb1367800 DEOPT UNPACKING pc=0x000001fe8ffe5583 sp=0x000000af674fe350 mode 2
Event: 9406.353 Executing VM operation: ParallelGCFailedAllocation
Event: 9406.446 Executing VM operation: ParallelGCFailedAllocation done
Event: 9406.974 loading class com/android/tools/r8/n/a/a/a/h/V
Event: 9406.974 loading class com/android/tools/r8/n/a/a/a/h/V done
Event: 9407.445 Executing VM operation: ParallelGCFailedAllocation


Dynamic libraries:
0x00007ff77d4b0000 - 0x00007ff77d4ea000 	C:\Users\Not You\.jdks\corretto-1.8.0_312\bin\java.exe
0x00007ff95c3d0000 - 0x00007ff95c5c5000 	C:\Windows\SYSTEM32\ntdll.dll
0x00007ff95a6c0000 - 0x00007ff95a77e000 	C:\Windows\System32\KERNEL32.DLL
0x00007ff95a140000 - 0x00007ff95a408000 	C:\Windows\System32\KERNELBASE.dll
0x00007ff95b440000 - 0x00007ff95b4ec000 	C:\Windows\System32\ADVAPI32.dll
0x00007ff95b9d0000 - 0x00007ff95ba6e000 	C:\Windows\System32\msvcrt.dll
0x00007ff95a410000 - 0x00007ff95a4ab000 	C:\Windows\System32\sechost.dll
0x00007ff95b150000 - 0x00007ff95b27a000 	C:\Windows\System32\RPCRT4.dll
0x00007ff95afa0000 - 0x00007ff95b141000 	C:\Windows\System32\USER32.dll
0x00007ff959f50000 - 0x00007ff959f72000 	C:\Windows\System32\win32u.dll
0x00007ff95ba70000 - 0x00007ff95ba9b000 	C:\Windows\System32\GDI32.dll
0x00007ff95a030000 - 0x00007ff95a13d000 	C:\Windows\System32\gdi32full.dll
0x00007ff959c10000 - 0x00007ff959cad000 	C:\Windows\System32\msvcp_win.dll
0x00007ff959ae0000 - 0x00007ff959be0000 	C:\Windows\System32\ucrtbase.dll
0x00007ff93cc30000 - 0x00007ff93ceca000 	C:\Windows\WinSxS\amd64_microsoft.windows.common-controls_6595b64144ccf1df_6.0.19041.1110_none_60b5254171f9507e\COMCTL32.dll
0x00007ff95a780000 - 0x00007ff95a7b0000 	C:\Windows\System32\IMM32.DLL
0x00007ff921930000 - 0x00007ff921a1f000 	C:\Users\Not You\.jdks\corretto-1.8.0_312\jre\bin\msvcr120.dll
0x00007ff921880000 - 0x00007ff921926000 	C:\Users\Not You\.jdks\corretto-1.8.0_312\jre\bin\msvcp120.dll
0x0000000055200000 - 0x0000000055a70000 	C:\Users\Not You\.jdks\corretto-1.8.0_312\jre\bin\server\jvm.dll
0x00007ff95b430000 - 0x00007ff95b438000 	C:\Windows\System32\PSAPI.DLL
0x00007ff950240000 - 0x00007ff950267000 	C:\Windows\SYSTEM32\WINMM.dll
0x00007ff9556d0000 - 0x00007ff9556d9000 	C:\Windows\SYSTEM32\WSOCK32.dll
0x00007ff953d30000 - 0x00007ff953d3a000 	C:\Windows\SYSTEM32\VERSION.dll
0x00007ff95b390000 - 0x00007ff95b3fb000 	C:\Windows\System32\WS2_32.dll
0x00007ff955650000 - 0x00007ff95565f000 	C:\Users\Not You\.jdks\corretto-1.8.0_312\jre\bin\verify.dll
0x00007ff9250d0000 - 0x00007ff9250f9000 	C:\Users\Not You\.jdks\corretto-1.8.0_312\jre\bin\java.dll
0x00007ff9261f0000 - 0x00007ff926206000 	C:\Users\Not You\.jdks\corretto-1.8.0_312\jre\bin\zip.dll
0x00007ff95bc40000 - 0x00007ff95c384000 	C:\Windows\System32\SHELL32.dll
0x00007ff957bf0000 - 0x00007ff958384000 	C:\Windows\SYSTEM32\windows.storage.dll
0x00007ff95a7b0000 - 0x00007ff95ab05000 	C:\Windows\System32\combase.dll
0x00007ff959460000 - 0x00007ff95948e000 	C:\Windows\SYSTEM32\Wldp.dll
0x00007ff95acc0000 - 0x00007ff95ad6d000 	C:\Windows\System32\SHCORE.dll
0x00007ff95baa0000 - 0x00007ff95baf5000 	C:\Windows\System32\shlwapi.dll
0x00007ff959a20000 - 0x00007ff959a3f000 	C:\Windows\SYSTEM32\profapi.dll
0x00007ff925e50000 - 0x00007ff925e6a000 	C:\Users\Not You\.jdks\corretto-1.8.0_312\jre\bin\net.dll
0x00007ff9591c0000 - 0x00007ff95922a000 	C:\Windows\system32\mswsock.dll
0x00007ff9252b0000 - 0x00007ff9252c2000 	C:\Users\Not You\.jdks\corretto-1.8.0_312\jre\bin\nio.dll
0x00007ff93f4d0000 - 0x00007ff93f4f6000 	C:\Users\Not You\.gradle\native\29\windows-amd64\native-platform.dll
0x00007ff9457d0000 - 0x00007ff9457dd000 	C:\Users\Not You\.jdks\corretto-1.8.0_312\jre\bin\management.dll
0x00007ff9593b0000 - 0x00007ff9593c8000 	C:\Windows\SYSTEM32\CRYPTSP.dll
0x00007ff958b40000 - 0x00007ff958b74000 	C:\Windows\system32\rsaenh.dll
0x00007ff959be0000 - 0x00007ff959c07000 	C:\Windows\System32\bcrypt.dll
0x00007ff9599e0000 - 0x00007ff959a0e000 	C:\Windows\SYSTEM32\USERENV.dll
0x00007ff959ec0000 - 0x00007ff959f42000 	C:\Windows\System32\bcryptprimitives.dll
0x00007ff9593d0000 - 0x00007ff9593dc000 	C:\Windows\SYSTEM32\CRYPTBASE.dll
0x00007ff958eb0000 - 0x00007ff958eeb000 	C:\Windows\SYSTEM32\IPHLPAPI.DLL
0x00007ff95bc30000 - 0x00007ff95bc38000 	C:\Windows\System32\NSI.dll
0x00007ff953ea0000 - 0x00007ff953eb7000 	C:\Windows\SYSTEM32\dhcpcsvc6.DLL
0x00007ff954280000 - 0x00007ff95429d000 	C:\Windows\SYSTEM32\dhcpcsvc.DLL
0x00007ff958ef0000 - 0x00007ff958fbb000 	C:\Windows\SYSTEM32\DNSAPI.dll
0x00007ff9250a0000 - 0x00007ff9250c3000 	C:\Users\Not You\.jdks\corretto-1.8.0_312\jre\bin\sunec.dll
0x00007ff944590000 - 0x00007ff94459a000 	C:\Windows\System32\rasadhlp.dll
0x00007ff94fd70000 - 0x00007ff94fdef000 	C:\Windows\System32\fwpuclnt.dll
0x00007ff93f3d0000 - 0x00007ff93f3dc000 	C:\Users\Not You\.jdks\corretto-1.8.0_312\jre\bin\sunmscapi.dll
0x00007ff959d60000 - 0x00007ff959eb6000 	C:\Windows\System32\CRYPT32.dll
0x00007ff9594d0000 - 0x00007ff9594f7000 	C:\Windows\SYSTEM32\ncrypt.dll
0x00007ff959490000 - 0x00007ff9594cb000 	C:\Windows\SYSTEM32\NTASN1.dll
0x00007ff9587d0000 - 0x00007ff958803000 	C:\Windows\SYSTEM32\ntmarta.dll

VM Arguments:
jvm_args: -XX:MaxPermSize=1024m -XX:+HeapDumpOnOutOfMemoryError -Xmx2048m -Dfile.encoding=UTF-8 -Duser.country=US -Duser.language=en -Duser.variant 
java_command: org.gradle.launcher.daemon.bootstrap.GradleDaemon 5.4.1
java_class_path (initial): C:\Users\Not You\.gradle\wrapper\dists\gradle-5.4.1-all\3221gyojl5jsh0helicew7rwx\gradle-5.4.1\lib\gradle-launcher-5.4.1.jar
Launcher Type: SUN_STANDARD

Environment Variables:
JAVA_HOME=C:\Program Files\Java\jdk-15
PATH=C:\Program Files (x86)\Common Files\Oracle\Java\javapath;C:\Windows\system32;C:\Windows;C:\Windows\System32\Wbem;C:\Windows\System32\WindowsPowerShell\v1.0\;C:\Windows\System32\OpenSSH\;C:\Program Files\nodejs\;C:\xampp\php;C:\Program Files\dotnet\;C:\ProgramData\ComposerSetup\bin;C:\Program Files (x86)\PDFtk Server\bin\;C:\Program Files\NVIDIA Corporation\NVIDIA NvDLISR;C:\Program Files\Git\cmd;C:\Program Files (x86)\NVIDIA Corporation\PhysX\Common;C:\Program Files\Java\jdk-15\bin;C:\Users\Not You\AppData\Local\Android\Sdk\emulator;C:\Program Files\Azure Data Studio\bin;C:\Program Files (x86)\Microsoft Visual Studio\2019\Community\Common7\IDE;C:\Program Files\Microsoft SQL Server\Client SDK\ODBC\170\Tools\Binn\;C:\Program Files (x86)\Microsoft SQL Server\150\Tools\Binn\;C:\Program Files\Microsoft SQL Server\150\Tools\Binn\;C:\Program Files\Microsoft SQL Server\150\DTS\Binn\;C:\Program Files (x86)\Microsoft SQL Server\150\DTS\Binn\;C:\Program Files\Microsoft SQL Server Migration Assistant for MySQL\bin\;C:\Program Files\MySQL\MySQL Shell 8.0\bin\;C:\Program Files (x86)\Common Files\Oracle\Java\javapath;C:\Windows\system32;C:\Windows;C:\Windows\System32\Wbem;C:\Windows\System32\WindowsPowerShell\v1.0\;C:\Windows\System32\OpenSSH\;C:\Program Files\nodejs\;C:\Users\Not You\AppData\Local\Microsoft\WindowsApps;C:\Users\Not You\AppData\Roaming\npm;C:\Python39\Scripts;C:\Users\Not You\.dotnet\tools;C:\Users\Not You\AppData\Local\Programs\Microsoft VS Code\bin;C:\Users\Not You\AppData\Roaming\Composer\vendor\bin;C:\Users\Not You\AppData\Local\GitHubDesktop\bin;E:\android\platform-tools;C:\Program Files\Java\jre1.8.0_291\bin;C:\Users\Not You\AppData\Local\Android\Sdk;C:\Program Files\Java\jdk-15\bin;;C:\Program Files\Azure Data Studio\bin
USERNAME=Not You
OS=Windows_NT
PROCESSOR_IDENTIFIER=Intel64 Family 6 Model 58 Stepping 9, GenuineIntel



---------------  S Y S T E M  ---------------

OS: Windows 10.0 , 64 bit Build 19041 (10.0.19041.1348)

CPU:total 4 (initial active 4) (4 cores per cpu, 1 threads per core) family 6 model 58 stepping 9, cmov, cx8, fxsr, mmx, sse, sse2, sse3, ssse3, sse4.1, sse4.2, popcnt, avx, aes, clmul, erms, tsc, tscinvbit, tscinv

Memory: 4k page, physical 8341436k(349600k free), swap 12535740k(6496k free)

vm_info: OpenJDK 64-Bit Server VM (25.312-b07) for windows-amd64 JRE (1.8.0_312-b07), built on Oct 14 2021 21:08:49 by "Administrator" with MS VC++ 12.0 (VS2013)

time: Wed Dec 22 21:00:50 2021
timezone: Pakistan Standard Time
elapsed time: 9407.590376 seconds (0d 2h 36m 47s)

