#
# There is insufficient memory for the Java Runtime Environment to continue.
# Native memory allocation (malloc) failed to allocate 1276176 bytes for Chunk::new
# Possible reasons:
#   The system is out of physical RAM or swap space
#   The process is running with CompressedOops enabled, and the Java Heap may be blocking the growth of the native heap
# Possible solutions:
#   Reduce memory load on the system
#   Increase physical memory or swap space
#   Check if swap backing store is full
#   Decrease Java heap size (-Xmx/-Xms)
#   Decrease number of Java threads
#   Decrease Java thread stack sizes (-Xss)
#   Set larger code cache with -XX:ReservedCodeCacheSize=
#   JVM is running with Unscaled Compressed Oops mode in which the Java heap is
#     placed in the first 4GB address space. The Java Heap base address is the
#     maximum limit for the native heap growth. Please use -XX:HeapBaseMinAddress
#     to set the Java Heap base and to place the Java Heap above 4GB virtual address.
# This output file may be truncated or incomplete.
#
#  Out of Memory Error (allocation.cpp:389), pid=7300, tid=0x0000000000001c0c
#
# JRE version: OpenJDK Runtime Environment (8.0_312-b07) (build 1.8.0_312-b07)
# Java VM: OpenJDK 64-Bit Server VM (25.312-b07 mixed mode windows-amd64 compressed oops)
# Failed to write core dump. Minidumps are not enabled by default on client versions of Windows
#

---------------  T H R E A D  ---------------

Current thread (0x000002eefe6a6800):  JavaThread "C2 CompilerThread0" daemon [_thread_in_native, id=7180, stack(0x000000f85c200000,0x000000f85c300000)]

Stack: [0x000000f85c200000,0x000000f85c300000]
[error occurred during error reporting (printing stack bounds), id 0xc0000005]

Native frames: (J=compiled Java code, j=interpreted, Vv=VM code, C=native code)


Current CompileTask:
C2:   5119 2443   !   4       java.net.URLClassLoader$1::run (81 bytes)


---------------  P R O C E S S  ---------------

Java Threads: ( => current thread )
  0x000002ee84757000 JavaThread "Cache worker for execution history cache (C:\Users\Not You\.gradle\caches\5.4.1\executionHistory)" [_thread_blocked, id=11492, stack(0x000000f85d700000,0x000000f85d800000)]
  0x000002ee84756000 JavaThread "Cache worker for cache directory md-rule (C:\Users\Not You\.gradle\caches\5.4.1\md-rule)" [_thread_blocked, id=6896, stack(0x000000f85d600000,0x000000f85d700000)]
  0x000002ee84758800 JavaThread "Cache worker for cache directory md-supplier (C:\Users\Not You\.gradle\caches\5.4.1\md-supplier)" [_thread_blocked, id=6700, stack(0x000000f85d500000,0x000000f85d600000)]
  0x000002ee84759000 JavaThread "Cache worker for file hash cache (F:\melevicar-user\.gradle\5.4.1\fileHashes)" [_thread_blocked, id=11028, stack(0x000000f85d400000,0x000000f85d500000)]
  0x000002ee84757800 JavaThread "Cache worker for journal cache (C:\Users\Not You\.gradle\caches\journal-1)" [_thread_blocked, id=9788, stack(0x000000f85d300000,0x000000f85d400000)]
  0x000002ee84754800 JavaThread "File lock request listener" [_thread_in_native, id=8356, stack(0x000000f85d200000,0x000000f85d300000)]
  0x000002ee84752000 JavaThread "Cache worker for file hash cache (C:\Users\Not You\.gradle\caches\5.4.1\fileHashes)" [_thread_blocked, id=11844, stack(0x000000f85d100000,0x000000f85d200000)]
  0x000002ee84433000 JavaThread "Thread-9" [_thread_blocked, id=7500, stack(0x000000f85d000000,0x000000f85d100000)]
  0x000002ee84998000 JavaThread "Stdin handler" [_thread_blocked, id=2528, stack(0x000000f85cf00000,0x000000f85d000000)]
  0x000002ee84997000 JavaThread "Asynchronous log dispatcher for DefaultDaemonConnection: socket connection from /127.0.0.1:52681 to /127.0.0.1:52682" [_thread_blocked, id=2404, stack(0x000000f85ce00000,0x000000f85cf00000)]
  0x000002eeff247000 JavaThread "Daemon worker" [_thread_in_vm, id=9300, stack(0x000000f85cd00000,0x000000f85ce00000)]
  0x000002eeff246800 JavaThread "Cancel handler" [_thread_blocked, id=7680, stack(0x000000f85cc00000,0x000000f85cd00000)]
  0x000002ee84a68000 JavaThread "Handler for socket connection from /127.0.0.1:52681 to /127.0.0.1:52682" [_thread_in_native, id=12064, stack(0x000000f85cb00000,0x000000f85cc00000)]
  0x000002ee84a67000 JavaThread "Daemon" [_thread_blocked, id=8424, stack(0x000000f85ca00000,0x000000f85cb00000)]
  0x000002eeffb58000 JavaThread "Daemon periodic checks" [_thread_blocked, id=7252, stack(0x000000f85c900000,0x000000f85ca00000)]
  0x000002eeff700000 JavaThread "Incoming local TCP Connector on port 52681" [_thread_in_native, id=11980, stack(0x000000f85c800000,0x000000f85c900000)]
  0x000002eeff3f4000 JavaThread "Daemon health stats" [_thread_blocked, id=3268, stack(0x000000f85c700000,0x000000f85c800000)]
  0x000002eefe722000 JavaThread "Service Thread" daemon [_thread_blocked, id=1804, stack(0x000000f85c500000,0x000000f85c600000)]
  0x000002eefe6ab000 JavaThread "C1 CompilerThread2" daemon [_thread_blocked, id=4900, stack(0x000000f85c400000,0x000000f85c500000)]
  0x000002eefe6a8800 JavaThread "C2 CompilerThread1" daemon [_thread_in_native, id=7984, stack(0x000000f85c300000,0x000000f85c400000)]
=>0x000002eefe6a6800 JavaThread "C2 CompilerThread0" daemon [_thread_in_native, id=7180, stack(0x000000f85c200000,0x000000f85c300000)]
  0x000002eefe69e800 JavaThread "Attach Listener" daemon [_thread_blocked, id=11068, stack(0x000000f85c100000,0x000000f85c200000)]
  0x000002eefe69d800 JavaThread "Signal Dispatcher" daemon [_thread_blocked, id=2840, stack(0x000000f85c000000,0x000000f85c100000)]
  0x000002eeec0dc800 JavaThread "Finalizer" daemon [_thread_blocked, id=7576, stack(0x000000f85bf00000,0x000000f85c000000)]
  0x000002eefe676000 JavaThread "Reference Handler" daemon [_thread_blocked, id=6932, stack(0x000000f85be00000,0x000000f85bf00000)]
  0x000002eeebed9000 JavaThread "main" [_thread_blocked, id=1132, stack(0x000000f85b800000,0x000000f85b900000)]

Other Threads:
  0x000002eefe653000 VMThread [stack: 0x000000f85bd00000,0x000000f85be00000] [id=4308]
  0x000002eefe724000 WatcherThread [stack: 0x000000f85c600000,0x000000f85c700000] [id=856]

VM state:not at safepoint (normal execution)

VM Mutex/Monitor currently owned by a thread: None

heap address: 0x0000000080000000, size: 2048 MB, Compressed Oops mode: 32-bit
Narrow klass base: 0x0000000000000000, Narrow klass shift: 3
Compressed class space size: 1073741824 Address: 0x0000000100000000

Heap:
 PSYoungGen      total 77312K, used 21782K [0x00000000d5580000, 0x00000000dab80000, 0x0000000100000000)
  eden space 66560K, 20% used [0x00000000d5580000,0x00000000d6285448,0x00000000d9680000)
  from space 10752K, 78% used [0x00000000da100000,0x00000000da940630,0x00000000dab80000)
  to   space 10752K, 0% used [0x00000000d9680000,0x00000000d9680000,0x00000000da100000)
 ParOldGen       total 58368K, used 8659K [0x0000000080000000, 0x0000000083900000, 0x00000000d5580000)
  object space 58368K, 14% used [0x0000000080000000,0x0000000080874f68,0x0000000083900000)
 Metaspace       used 32872K, capacity 33514K, committed 33792K, reserved 1079296K
  class space    used 4630K, capacity 4844K, committed 4864K, reserved 1048576K

Card table byte_map: [0x000002eefcc90000,0x000002eefd0a0000] byte_map_base: 0x000002eefc890000

Marking Bits: (ParMarkBitMap*) 0x000000006f9b1860
 Begin Bits: [0x000002ee80000000, 0x000002ee82000000)
 End Bits:   [0x000002ee82000000, 0x000002ee84000000)

Polling page: 0x000002eeebe80000

CodeCache: size=245760Kb used=9950Kb max_used=9950Kb free=235809Kb
 bounds [0x000002eeed8d0000, 0x000002eeee290000, 0x000002eefc8d0000]
 total_blobs=3222 nmethods=2535 adapters=599
 compilation: enabled

Compilation events (10 events):
Event: 5.023 Thread 0x000002eefe6ab000 2530       1       sun.reflect.generics.tree.Wildcard::getUpperBounds (5 bytes)
Event: 5.023 Thread 0x000002eefe6ab000 nmethod 2530 0x000002eeee242390 code [0x000002eeee2424e0, 0x000002eeee2425f8]
Event: 5.023 Thread 0x000002eefe6ab000 2531       3       org.gradle.model.internal.asm.AsmClassGeneratorUtils::visitType (417 bytes)
Event: 5.026 Thread 0x000002eefe6ab000 nmethod 2531 0x000002eeee25a450 code [0x000002eeee25ac80, 0x000002eeee260b60]
Event: 5.051 Thread 0x000002eefe6ab000 2532       1       org.slf4j.impl.StaticLoggerBinder::getLoggerFactory (5 bytes)
Event: 5.051 Thread 0x000002eefe6ab000 nmethod 2532 0x000002eeee2420d0 code [0x000002eeee242220, 0x000002eeee242338]
Event: 5.100 Thread 0x000002eefe6ab000 2533       1       java.util.regex.Pattern::flags (5 bytes)
Event: 5.100 Thread 0x000002eefe6ab000 nmethod 2533 0x000002eeee241890 code [0x000002eeee2419e0, 0x000002eeee241af8]
Event: 5.100 Thread 0x000002eefe6ab000 2534       3       java.util.regex.Pattern::range (279 bytes)
Event: 5.103 Thread 0x000002eefe6ab000 nmethod 2534 0x000002eeee285e10 code [0x000002eeee2862c0, 0x000002eeee288b70]

GC Heap History (10 events):
Event: 3.126 GC heap before
{Heap before GC invocations=5 (full 0):
 PSYoungGen      total 38400K, used 38368K [0x00000000d5580000, 0x00000000da080000, 0x0000000100000000)
  eden space 33280K, 100% used [0x00000000d5580000,0x00000000d7600000,0x00000000d7600000)
  from space 5120K, 99% used [0x00000000d7b00000,0x00000000d7ff8020,0x00000000d8000000)
  to   space 5120K, 0% used [0x00000000d7600000,0x00000000d7600000,0x00000000d7b00000)
 ParOldGen       total 87552K, used 4855K [0x0000000080000000, 0x0000000085580000, 0x00000000d5580000)
  object space 87552K, 5% used [0x0000000080000000,0x00000000804bdc98,0x0000000085580000)
 Metaspace       used 18884K, capacity 19432K, committed 19712K, reserved 1067008K
  class space    used 2794K, capacity 2956K, committed 3072K, reserved 1048576K
Event: 3.134 GC heap after
Heap after GC invocations=5 (full 0):
 PSYoungGen      total 38400K, used 5088K [0x00000000d5580000, 0x00000000dab80000, 0x0000000100000000)
  eden space 33280K, 0% used [0x00000000d5580000,0x00000000d5580000,0x00000000d7600000)
  from space 5120K, 99% used [0x00000000d7600000,0x00000000d7af8050,0x00000000d7b00000)
  to   space 10752K, 0% used [0x00000000da100000,0x00000000da100000,0x00000000dab80000)
 ParOldGen       total 87552K, used 8619K [0x0000000080000000, 0x0000000085580000, 0x00000000d5580000)
  object space 87552K, 9% used [0x0000000080000000,0x000000008086ad58,0x0000000085580000)
 Metaspace       used 18884K, capacity 19432K, committed 19712K, reserved 1067008K
  class space    used 2794K, capacity 2956K, committed 3072K, reserved 1048576K
}
Event: 3.327 GC heap before
{Heap before GC invocations=6 (full 0):
 PSYoungGen      total 38400K, used 20244K [0x00000000d5580000, 0x00000000dab80000, 0x0000000100000000)
  eden space 33280K, 45% used [0x00000000d5580000,0x00000000d644d398,0x00000000d7600000)
  from space 5120K, 99% used [0x00000000d7600000,0x00000000d7af8050,0x00000000d7b00000)
  to   space 10752K, 0% used [0x00000000da100000,0x00000000da100000,0x00000000dab80000)
 ParOldGen       total 87552K, used 8619K [0x0000000080000000, 0x0000000085580000, 0x00000000d5580000)
  object space 87552K, 9% used [0x0000000080000000,0x000000008086ad58,0x0000000085580000)
 Metaspace       used 20476K, capacity 20974K, committed 21248K, reserved 1067008K
  class space    used 3022K, capacity 3213K, committed 3328K, reserved 1048576K
Event: 3.335 GC heap after
Heap after GC invocations=6 (full 0):
 PSYoungGen      total 77312K, used 7505K [0x00000000d5580000, 0x00000000dab80000, 0x0000000100000000)
  eden space 66560K, 0% used [0x00000000d5580000,0x00000000d5580000,0x00000000d9680000)
  from space 10752K, 69% used [0x00000000da100000,0x00000000da854690,0x00000000dab80000)
  to   space 10752K, 0% used [0x00000000d9680000,0x00000000d9680000,0x00000000da100000)
 ParOldGen       total 87552K, used 8627K [0x0000000080000000, 0x0000000085580000, 0x00000000d5580000)
  object space 87552K, 9% used [0x0000000080000000,0x000000008086cd58,0x0000000085580000)
 Metaspace       used 20476K, capacity 20974K, committed 21248K, reserved 1067008K
  class space    used 3022K, capacity 3213K, committed 3328K, reserved 1048576K
}
Event: 3.335 GC heap before
{Heap before GC invocations=7 (full 1):
 PSYoungGen      total 77312K, used 7505K [0x00000000d5580000, 0x00000000dab80000, 0x0000000100000000)
  eden space 66560K, 0% used [0x00000000d5580000,0x00000000d5580000,0x00000000d9680000)
  from space 10752K, 69% used [0x00000000da100000,0x00000000da854690,0x00000000dab80000)
  to   space 10752K, 0% used [0x00000000d9680000,0x00000000d9680000,0x00000000da100000)
 ParOldGen       total 87552K, used 8627K [0x0000000080000000, 0x0000000085580000, 0x00000000d5580000)
  object space 87552K, 9% used [0x0000000080000000,0x000000008086cd58,0x0000000085580000)
 Metaspace       used 20476K, capacity 20974K, committed 21248K, reserved 1067008K
  class space    used 3022K, capacity 3213K, committed 3328K, reserved 1048576K
Event: 3.370 GC heap after
Heap after GC invocations=7 (full 1):
 PSYoungGen      total 77312K, used 0K [0x00000000d5580000, 0x00000000dab80000, 0x0000000100000000)
  eden space 66560K, 0% used [0x00000000d5580000,0x00000000d5580000,0x00000000d9680000)
  from space 10752K, 0% used [0x00000000da100000,0x00000000da100000,0x00000000dab80000)
  to   space 10752K, 0% used [0x00000000d9680000,0x00000000d9680000,0x00000000da100000)
 ParOldGen       total 58368K, used 8643K [0x0000000080000000, 0x0000000083900000, 0x00000000d5580000)
  object space 58368K, 14% used [0x0000000080000000,0x0000000080870f68,0x0000000083900000)
 Metaspace       used 20476K, capacity 20974K, committed 21248K, reserved 1067008K
  class space    used 3022K, capacity 3213K, committed 3328K, reserved 1048576K
}
Event: 4.221 GC heap before
{Heap before GC invocations=8 (full 1):
 PSYoungGen      total 77312K, used 66560K [0x00000000d5580000, 0x00000000dab80000, 0x0000000100000000)
  eden space 66560K, 100% used [0x00000000d5580000,0x00000000d9680000,0x00000000d9680000)
  from space 10752K, 0% used [0x00000000da100000,0x00000000da100000,0x00000000dab80000)
  to   space 10752K, 0% used [0x00000000d9680000,0x00000000d9680000,0x00000000da100000)
 ParOldGen       total 58368K, used 8643K [0x0000000080000000, 0x0000000083900000, 0x00000000d5580000)
  object space 58368K, 14% used [0x0000000080000000,0x0000000080870f68,0x0000000083900000)
 Metaspace       used 29058K, capacity 29552K, committed 29824K, reserved 1075200K
  class space    used 4012K, capacity 4188K, committed 4224K, reserved 1048576K
Event: 4.228 GC heap after
Heap after GC invocations=8 (full 1):
 PSYoungGen      total 77312K, used 8076K [0x00000000d5580000, 0x00000000dab80000, 0x0000000100000000)
  eden space 66560K, 0% used [0x00000000d5580000,0x00000000d5580000,0x00000000d9680000)
  from space 10752K, 75% used [0x00000000d9680000,0x00000000d9e63350,0x00000000da100000)
  to   space 10752K, 0% used [0x00000000da100000,0x00000000da100000,0x00000000dab80000)
 ParOldGen       total 58368K, used 8651K [0x0000000080000000, 0x0000000083900000, 0x00000000d5580000)
  object space 58368K, 14% used [0x0000000080000000,0x0000000080872f68,0x0000000083900000)
 Metaspace       used 29058K, capacity 29552K, committed 29824K, reserved 1075200K
  class space    used 4012K, capacity 4188K, committed 4224K, reserved 1048576K
}
Event: 4.915 GC heap before
{Heap before GC invocations=9 (full 1):
 PSYoungGen      total 77312K, used 74636K [0x00000000d5580000, 0x00000000dab80000, 0x0000000100000000)
  eden space 66560K, 100% used [0x00000000d5580000,0x00000000d9680000,0x00000000d9680000)
  from space 10752K, 75% used [0x00000000d9680000,0x00000000d9e63350,0x00000000da100000)
  to   space 10752K, 0% used [0x00000000da100000,0x00000000da100000,0x00000000dab80000)
 ParOldGen       total 58368K, used 8651K [0x0000000080000000, 0x0000000083900000, 0x00000000d5580000)
  object space 58368K, 14% used [0x0000000080000000,0x0000000080872f68,0x0000000083900000)
 Metaspace       used 32147K, capacity 32750K, committed 33280K, reserved 1077248K
  class space    used 4532K, capacity 4742K, committed 4864K, reserved 1048576K
Event: 4.934 GC heap after
Heap after GC invocations=9 (full 1):
 PSYoungGen      total 77312K, used 8449K [0x00000000d5580000, 0x00000000dab80000, 0x0000000100000000)
  eden space 66560K, 0% used [0x00000000d5580000,0x00000000d5580000,0x00000000d9680000)
  from space 10752K, 78% used [0x00000000da100000,0x00000000da940630,0x00000000dab80000)
  to   space 10752K, 0% used [0x00000000d9680000,0x00000000d9680000,0x00000000da100000)
 ParOldGen       total 58368K, used 8659K [0x0000000080000000, 0x0000000083900000, 0x00000000d5580000)
  object space 58368K, 14% used [0x0000000080000000,0x0000000080874f68,0x0000000083900000)
 Metaspace       used 32147K, capacity 32750K, committed 33280K, reserved 1077248K
  class space    used 4532K, capacity 4742K, committed 4864K, reserved 1048576K
}

Deoptimization events (10 events):
Event: 4.007 Thread 0x000002eeff247000 Uncommon trap: reason=unstable_if action=reinterpret pc=0x000002eeedbdb8b0 method=java.util.LinkedHashMap.afterNodeInsertion(Z)V @ 1
Event: 4.147 Thread 0x000002eeff247000 Uncommon trap: reason=unstable_if action=reinterpret pc=0x000002eeee11c21c method=java.util.WeakHashMap.put(Ljava/lang/Object;Ljava/lang/Object;)Ljava/lang/Object; @ 72
Event: 4.213 Thread 0x000002eeff247000 Uncommon trap: reason=class_check action=maybe_recompile pc=0x000002eeedf1ace0 method=sun.misc.URLClassPath.getLoader(I)Lsun/misc/URLClassPath$Loader; @ 94
Event: 4.217 Thread 0x000002eeff247000 Uncommon trap: reason=class_check action=maybe_recompile pc=0x000002eeedf07ee4 method=sun.misc.URLClassPath.getLoader(I)Lsun/misc/URLClassPath$Loader; @ 239
Event: 4.229 Thread 0x000002eefe676000 Uncommon trap: reason=unstable_if action=reinterpret pc=0x000002eeedeb2a10 method=java.lang.ref.Reference.tryHandlePending(Z)Z @ 104
Event: 4.298 Thread 0x000002eeff247000 Uncommon trap: reason=unstable_if action=reinterpret pc=0x000002eeedb96480 method=java.io.WinNTFileSystem.resolve(Ljava/lang/String;Ljava/lang/String;)Ljava/lang/String; @ 49
Event: 4.327 Thread 0x000002eeff247000 Uncommon trap: reason=unstable_if action=reinterpret pc=0x000002eeee1a6098 method=org.codehaus.groovy.runtime.metaclass.MetaMethodIndex.addMethodToList(Ljava/lang/Object;Lgroovy/lang/MetaMethod;)Ljava/lang/Object; @ 226
Event: 4.812 Thread 0x000002eeff247000 Uncommon trap: reason=unstable_if action=reinterpret pc=0x000002eeedb6ccd8 method=java.net.URI.match(CJJ)Z @ 45
Event: 4.813 Thread 0x000002eeff247000 Uncommon trap: reason=unstable_if action=reinterpret pc=0x000002eeeda426a0 method=java.net.URI.match(CJJ)Z @ 45
Event: 4.814 Thread 0x000002eeff247000 Uncommon trap: reason=unstable_if action=reinterpret pc=0x000002eeeda421a0 method=java.net.URI.match(CJJ)Z @ 45

Classes redefined (0 events):
No events

Internal exceptions (10 events):
Event: 4.436 Thread 0x000002eeff247000 Exception <a 'java/lang/ClassNotFoundException': org/gradle/api/internal/artifacts/repositories/AbstractArtifactRepositoryBeanInfo> (0x00000000d6cc2de0) thrown at [C:\wsjdk\Corretto8Src\installers\windows\zip\corretto-build\buildRoot\src\hotspot\src\share
Event: 4.437 Thread 0x000002eeff247000 Exception <a 'java/lang/ClassNotFoundException': org/gradle/api/internal/artifacts/repositories/AbstractArtifactRepositoryCustomizer> (0x00000000d6d15a48) thrown at [C:\wsjdk\Corretto8Src\installers\windows\zip\corretto-build\buildRoot\src\hotspot\src\sha
Event: 4.443 Thread 0x000002eeff247000 Exception <a 'java/lang/ClassNotFoundException': org/gradle/api/internal/artifacts/repositories/AbstractResolutionAwareArtifactRepositoryCustomizer> (0x00000000d6d8fce8) thrown at [C:\wsjdk\Corretto8Src\installers\windows\zip\corretto-build\buildRoot\src\
Event: 4.448 Thread 0x000002eeff247000 Exception <a 'java/lang/ClassNotFoundException': org/gradle/api/internal/artifacts/repositories/AbstractAuthenticationSupportedRepositoryCustomizer> (0x00000000d6df5670) thrown at [C:\wsjdk\Corretto8Src\installers\windows\zip\corretto-build\buildRoot\src\
Event: 4.451 Thread 0x000002eeff247000 Exception <a 'java/lang/ClassNotFoundException': org/gradle/api/internal/artifacts/repositories/DefaultMavenArtifactRepositoryCustomizer> (0x00000000d6e5d058) thrown at [C:\wsjdk\Corretto8Src\installers\windows\zip\corretto-build\buildRoot\src\hotspot\src
Event: 4.456 Thread 0x000002eeff247000 Exception <a 'java/lang/ClassNotFoundException': org/gradle/api/internal/artifacts/repositories/DefaultMavenArtifactRepository_DecoratedCustomizer> (0x00000000d6ecffd8) thrown at [C:\wsjdk\Corretto8Src\installers\windows\zip\corretto-build\buildRoot\src\h
Event: 4.783 Thread 0x000002eeff247000 Exception <a 'java/lang/ClassNotFoundException': org/gradle/api/internal/artifacts/dsl/dependencies/DefaultDependencyHandler_DecoratedBeanInfo> (0x00000000d8aec260) thrown at [C:\wsjdk\Corretto8Src\installers\windows\zip\corretto-build\buildRoot\src\hotsp
Event: 4.784 Thread 0x000002eeff247000 Exception <a 'java/lang/ClassNotFoundException': org/gradle/api/internal/artifacts/dsl/dependencies/DefaultDependencyHandlerBeanInfo> (0x00000000d8b3c4c8) thrown at [C:\wsjdk\Corretto8Src\installers\windows\zip\corretto-build\buildRoot\src\hotspot\src\sha
Event: 4.785 Thread 0x000002eeff247000 Exception <a 'java/lang/ClassNotFoundException': org/gradle/api/internal/artifacts/dsl/dependencies/DefaultDependencyHandlerCustomizer> (0x00000000d8b8d2e8) thrown at [C:\wsjdk\Corretto8Src\installers\windows\zip\corretto-build\buildRoot\src\hotspot\src\s
Event: 4.788 Thread 0x000002eeff247000 Exception <a 'java/lang/ClassNotFoundException': org/gradle/api/internal/artifacts/dsl/dependencies/DefaultDependencyHandler_DecoratedCustomizer> (0x00000000d8c0c230) thrown at [C:\wsjdk\Corretto8Src\installers\windows\zip\corretto-build\buildRoot\src\hot

Events (10 events):
Event: 5.099 loading class org/gradle/api/internal/artifacts/ivyservice/ivyresolve/strategy/AbstractVersionSelector
Event: 5.099 loading class org/gradle/api/internal/artifacts/ivyservice/ivyresolve/strategy/AbstractVersionSelector done
Event: 5.100 loading class java/util/regex/Pattern$7
Event: 5.100 loading class java/util/regex/Pattern$7 done
Event: 5.104 loading class org/gradle/api/internal/artifacts/ivyservice/ivyresolve/strategy/ExactVersionSelector
Event: 5.104 loading class org/gradle/api/internal/artifacts/ivyservice/ivyresolve/strategy/ExactVersionSelector done
Event: 5.105 loading class org/gradle/api/internal/artifacts/ivyservice/ivyresolve/strategy/AbstractStringVersionSelector
Event: 5.105 loading class org/gradle/api/internal/artifacts/ivyservice/ivyresolve/strategy/AbstractStringVersionSelector done
Event: 5.106 loading class org/gradle/api/internal/artifacts/ivyservice/ivyresolve/strategy/SubVersionSelector
Event: 5.106 loading class org/gradle/api/internal/artifacts/ivyservice/ivyresolve/strategy/SubVersionSelector done


Dynamic libraries:
0x00007ff79a960000 - 0x00007ff79a99a000 	C:\Users\Not You\.jdks\corretto-1.8.0_312\bin\java.exe
0x00007ffd005b0000 - 0x00007ffd007a5000 	C:\Windows\SYSTEM32\ntdll.dll
0x00007ffcff970000 - 0x00007ffcffa2e000 	C:\Windows\System32\KERNEL32.DLL
0x00007ffcfe100000 - 0x00007ffcfe3c8000 	C:\Windows\System32\KERNELBASE.dll
0x00007ffcfee10000 - 0x00007ffcfeebc000 	C:\Windows\System32\ADVAPI32.dll
0x00007ffcfeec0000 - 0x00007ffcfef5e000 	C:\Windows\System32\msvcrt.dll
0x00007ffcffe20000 - 0x00007ffcffebb000 	C:\Windows\System32\sechost.dll
0x00007ffcffa30000 - 0x00007ffcffb5a000 	C:\Windows\System32\RPCRT4.dll
0x00007ffd003b0000 - 0x00007ffd00551000 	C:\Windows\System32\USER32.dll
0x00007ffcfe530000 - 0x00007ffcfe552000 	C:\Windows\System32\win32u.dll
0x00007ffcfeb00000 - 0x00007ffcfeb2b000 	C:\Windows\System32\GDI32.dll
0x00007ffcfdcc0000 - 0x00007ffcfddcd000 	C:\Windows\System32\gdi32full.dll
0x00007ffcfdfe0000 - 0x00007ffcfe07d000 	C:\Windows\System32\msvcp_win.dll
0x00007ffcfddd0000 - 0x00007ffcfded0000 	C:\Windows\System32\ucrtbase.dll
0x00007ffce9a50000 - 0x00007ffce9cea000 	C:\Windows\WinSxS\amd64_microsoft.windows.common-controls_6595b64144ccf1df_6.0.19041.1110_none_60b5254171f9507e\COMCTL32.dll
0x00007ffcfebc0000 - 0x00007ffcfebf0000 	C:\Windows\System32\IMM32.DLL
0x00007ffcbeb10000 - 0x00007ffcbebff000 	C:\Users\Not You\.jdks\corretto-1.8.0_312\jre\bin\msvcr120.dll
0x00007ffcbe7c0000 - 0x00007ffcbe866000 	C:\Users\Not You\.jdks\corretto-1.8.0_312\jre\bin\msvcp120.dll
0x000000006f1c0000 - 0x000000006fa30000 	C:\Users\Not You\.jdks\corretto-1.8.0_312\jre\bin\server\jvm.dll
0x00007ffd00560000 - 0x00007ffd00568000 	C:\Windows\System32\PSAPI.DLL
0x00007ffce7040000 - 0x00007ffce7049000 	C:\Windows\SYSTEM32\WSOCK32.dll
0x00007ffcf89c0000 - 0x00007ffcf89ca000 	C:\Windows\SYSTEM32\VERSION.dll
0x00007ffceeae0000 - 0x00007ffceeb07000 	C:\Windows\SYSTEM32\WINMM.dll
0x00007ffcfeda0000 - 0x00007ffcfee0b000 	C:\Windows\System32\ws2_32.DLL
0x00007ffcfb490000 - 0x00007ffcfb49f000 	C:\Users\Not You\.jdks\corretto-1.8.0_312\jre\bin\verify.dll
0x00007ffcd80a0000 - 0x00007ffcd80c9000 	C:\Users\Not You\.jdks\corretto-1.8.0_312\jre\bin\java.dll
0x00007ffcd6460000 - 0x00007ffcd6476000 	C:\Users\Not You\.jdks\corretto-1.8.0_312\jre\bin\zip.dll
0x00007ffcff210000 - 0x00007ffcff954000 	C:\Windows\System32\SHELL32.dll
0x00007ffcfbdd0000 - 0x00007ffcfc564000 	C:\Windows\SYSTEM32\windows.storage.dll
0x00007ffcfe5f0000 - 0x00007ffcfe945000 	C:\Windows\System32\combase.dll
0x00007ffcfd640000 - 0x00007ffcfd66e000 	C:\Windows\SYSTEM32\Wldp.dll
0x00007ffcff160000 - 0x00007ffcff20d000 	C:\Windows\System32\SHCORE.dll
0x00007ffcffb60000 - 0x00007ffcffbb5000 	C:\Windows\System32\shlwapi.dll
0x00007ffcfdc00000 - 0x00007ffcfdc1f000 	C:\Windows\SYSTEM32\profapi.dll
0x00007ffcd4260000 - 0x00007ffcd427a000 	C:\Users\Not You\.jdks\corretto-1.8.0_312\jre\bin\net.dll
0x00007ffcfd3a0000 - 0x00007ffcfd40a000 	C:\Windows\system32\mswsock.dll
0x00007ffcd4240000 - 0x00007ffcd4252000 	C:\Users\Not You\.jdks\corretto-1.8.0_312\jre\bin\nio.dll
0x00007ffce01c0000 - 0x00007ffce01e6000 	C:\Users\Not You\.gradle\native\29\windows-amd64\native-platform.dll
0x00007ffcd8090000 - 0x00007ffcd809d000 	C:\Users\Not You\.jdks\corretto-1.8.0_312\jre\bin\management.dll
0x00007ffcfd590000 - 0x00007ffcfd5a8000 	C:\Windows\SYSTEM32\CRYPTSP.dll
0x00007ffcfcd20000 - 0x00007ffcfcd54000 	C:\Windows\system32\rsaenh.dll
0x00007ffcfe080000 - 0x00007ffcfe0a7000 	C:\Windows\System32\bcrypt.dll
0x00007ffcfdbc0000 - 0x00007ffcfdbee000 	C:\Windows\SYSTEM32\USERENV.dll
0x00007ffcfe560000 - 0x00007ffcfe5e2000 	C:\Windows\System32\bcryptprimitives.dll
0x00007ffcfd5b0000 - 0x00007ffcfd5bc000 	C:\Windows\SYSTEM32\CRYPTBASE.dll
0x00007ffcfd090000 - 0x00007ffcfd0cb000 	C:\Windows\SYSTEM32\IPHLPAPI.DLL
0x00007ffcffec0000 - 0x00007ffcffec8000 	C:\Windows\System32\NSI.dll
0x00007ffcf7590000 - 0x00007ffcf75a7000 	C:\Windows\SYSTEM32\dhcpcsvc6.DLL
0x00007ffcf7940000 - 0x00007ffcf795d000 	C:\Windows\SYSTEM32\dhcpcsvc.DLL
0x00007ffcfd0d0000 - 0x00007ffcfd19b000 	C:\Windows\SYSTEM32\DNSAPI.dll

VM Arguments:
jvm_args: -XX:MaxPermSize=1024m -XX:+HeapDumpOnOutOfMemoryError -Xmx2048m -Dfile.encoding=UTF-8 -Duser.country=US -Duser.language=en -Duser.variant 
java_command: org.gradle.launcher.daemon.bootstrap.GradleDaemon 5.4.1
java_class_path (initial): C:\Users\Not You\.gradle\wrapper\dists\gradle-5.4.1-all\3221gyojl5jsh0helicew7rwx\gradle-5.4.1\lib\gradle-launcher-5.4.1.jar
Launcher Type: SUN_STANDARD

Environment Variables:
JAVA_HOME=C:\Program Files\Java\jdk-15
PATH=C:\Program Files (x86)\Common Files\Oracle\Java\javapath;C:\Windows\system32;C:\Windows;C:\Windows\System32\Wbem;C:\Windows\System32\WindowsPowerShell\v1.0\;C:\Windows\System32\OpenSSH\;C:\Program Files\nodejs\;C:\xampp\php;C:\Program Files\dotnet\;C:\ProgramData\ComposerSetup\bin;C:\Program Files (x86)\PDFtk Server\bin\;C:\Program Files\NVIDIA Corporation\NVIDIA NvDLISR;C:\Program Files\Git\cmd;C:\Program Files (x86)\NVIDIA Corporation\PhysX\Common;C:\Program Files\Java\jdk-15\bin;C:\Users\Not You\AppData\Local\Android\Sdk\emulator;C:\Program Files\Azure Data Studio\bin;C:\Program Files (x86)\Microsoft Visual Studio\2019\Community\Common7\IDE;C:\Program Files\Microsoft SQL Server\Client SDK\ODBC\170\Tools\Binn\;C:\Program Files (x86)\Microsoft SQL Server\150\Tools\Binn\;C:\Program Files\Microsoft SQL Server\150\Tools\Binn\;C:\Program Files\Microsoft SQL Server\150\DTS\Binn\;C:\Program Files (x86)\Microsoft SQL Server\150\DTS\Binn\;C:\Program Files\Microsoft SQL Server Migration Assistant for MySQL\bin\;C:\Program Files\MySQL\MySQL Shell 8.0\bin\;C:\Program Files (x86)\Common Files\Oracle\Java\javapath;C:\Windows\system32;C:\Windows;C:\Windows\System32\Wbem;C:\Windows\System32\WindowsPowerShell\v1.0\;C:\Windows\System32\OpenSSH\;C:\Program Files\nodejs\;C:\Users\Not You\AppData\Local\Microsoft\WindowsApps;C:\Users\Not You\AppData\Roaming\npm;C:\Python39\Scripts;C:\Users\Not You\.dotnet\tools;C:\Users\Not You\AppData\Local\Programs\Microsoft VS Code\bin;C:\Users\Not You\AppData\Roaming\Composer\vendor\bin;C:\Users\Not You\AppData\Local\GitHubDesktop\bin;E:\android\platform-tools;C:\Program Files\Java\jre1.8.0_291\bin;C:\Users\Not You\AppData\Local\Android\Sdk;C:\Program Files\Java\jdk-15\bin;;C:\Program Files\Azure Data Studio\bin
USERNAME=Not You
OS=Windows_NT
PROCESSOR_IDENTIFIER=Intel64 Family 6 Model 58 Stepping 9, GenuineIntel



---------------  S Y S T E M  ---------------

OS: Windows 10.0 , 64 bit Build 19041 (10.0.19041.1348)

CPU:total 4 (initial active 4) (4 cores per cpu, 1 threads per core) family 6 model 58 stepping 9, cmov, cx8, fxsr, mmx, sse, sse2, sse3, ssse3, sse4.1, sse4.2, popcnt, avx, aes, clmul, erms, tsc, tscinvbit, tscinv

Memory: 4k page, physical 8341436k(766040k free), swap 12535740k(4284k free)

vm_info: OpenJDK 64-Bit Server VM (25.312-b07) for windows-amd64 JRE (1.8.0_312-b07), built on Oct 14 2021 21:08:49 by "Administrator" with MS VC++ 12.0 (VS2013)

time: Thu Dec 23 20:21:15 2021
timezone: Pakistan Standard Time
elapsed time: 5.136361 seconds (0d 0h 0m 5s)

